<?xml version="1.0" encoding="UTF-8"?>
<!-- Generated by org.testng.reporters.JUnitReportReporter -->
<testsuite hostname="DESKTOP-7NRUS5E" failures="0" tests="1" name="Vtiger.Base" time="21.110" errors="0" timestamp="2024-04-20T15:11:34 IST" skipped="0">
  <testcase classname="Vtiger.Base" name="text" time="21.110"/>
</testsuite> <!-- Vtiger.Base -->
