<?xml version="1.0" encoding="UTF-8"?>
<!-- Generated by org.testng.reporters.JUnitReportReporter -->
<testsuite hostname="DESKTOP-7NRUS5E" failures="0" tests="1" name="Vtiger.Opportunities" time="22.087" errors="0" timestamp="2024-04-10T15:26:13 IST" skipped="0">
  <testcase classname="Vtiger.Opportunities" name="Opportunities" time="22.087"/>
</testsuite> <!-- Vtiger.Opportunities -->
