<?xml version="1.0" encoding="UTF-8"?>
<!-- Generated by org.testng.reporters.JUnitReportReporter -->
<testsuite hostname="DESKTOP-7NRUS5E" failures="0" tests="1" name="Vtiger.Product" time="48.468" errors="0" timestamp="2024-04-25T15:13:50 IST" skipped="0">
  <testcase classname="Vtiger.Product" name="probuts" time="48.468"/>
</testsuite> <!-- Vtiger.Product -->
