<?xml version="1.0" encoding="UTF-8"?>
<!-- Generated by org.testng.reporters.JUnitReportReporter -->
<testsuite hostname="DESKTOP-7NRUS5E" failures="0" tests="1" name="Vtiger.Lead" time="46.959" errors="0" timestamp="2024-04-05T14:30:26 IST" skipped="0">
  <testcase classname="Vtiger.Lead" name="Leads" time="46.959"/>
</testsuite> <!-- Vtiger.Lead -->
