<?xml version="1.0" encoding="UTF-8"?>
<!-- Generated by org.testng.reporters.JUnitReportReporter -->
<testsuite hostname="DESKTOP-7NRUS5E" failures="0" tests="1" name="Vtiger.Org" time="36.242" errors="0" timestamp="2024-05-26T14:35:34 IST" skipped="0">
  <testcase classname="Vtiger.Org" name="org" time="36.242"/>
</testsuite> <!-- Vtiger.Org -->
