<?xml version="1.0" encoding="UTF-8"?>
<!-- Generated by org.testng.reporters.JUnitReportReporter -->
<testsuite hostname="DESKTOP-7NRUS5E" failures="0" tests="1" name="Vtiger.Product" time="31.972" errors="0" timestamp="2024-04-18T13:27:28 IST" skipped="0">
  <testcase classname="Vtiger.Product" name="probuts" time="31.972"/>
</testsuite> <!-- Vtiger.Product -->
