<?xml version="1.0" encoding="UTF-8"?>
<!-- Generated by org.testng.reporters.JUnitReportReporter -->
<testsuite hostname="DESKTOP-7NRUS5E" failures="0" tests="1" name="Vtiger.MyntraScreenshot" time="17.879" errors="0" timestamp="2024-05-11T14:07:46 IST" skipped="0">
  <testcase classname="Vtiger.MyntraScreenshot" name="Myntra" time="17.879"/>
</testsuite> <!-- Vtiger.MyntraScreenshot -->
