<?xml version="1.0" encoding="UTF-8"?>
<!-- Generated by org.testng.reporters.JUnitReportReporter -->
<testsuite hostname="DESKTOP-7NRUS5E" failures="0" tests="1" name="Vtiger.Oraganization" time="31.551" errors="0" timestamp="2024-03-22T14:02:42 IST" skipped="0">
  <testcase classname="Vtiger.Oraganization" name="OraganizationTest" time="31.551"/>
</testsuite> <!-- Vtiger.Oraganization -->
