<?xml version="1.0" encoding="UTF-8"?>
<!-- Generated by org.testng.reporters.JUnitReportReporter -->
<testsuite hostname="DESKTOP-7NRUS5E" failures="0" tests="5" name="Vtiger.Dummy" time="68.637" errors="0" timestamp="2024-05-07T14:48:37 IST" skipped="0">
  <testcase classname="Vtiger.Dummy" name="Myntra" time="7.678"/>
  <testcase classname="Vtiger.Dummy" name="Zomato" time="14.540"/>
  <testcase classname="Vtiger.Dummy" name="Ajio" time="2.129"/>
  <testcase classname="Vtiger.Dummy" name="Facebbok" time="5.708"/>
  <testcase classname="Vtiger.Dummy" name="Swiggy" time="38.582"/>
</testsuite> <!-- Vtiger.Dummy -->
